-------------------------------------------------------------------------------
Test set: Login page feature
-------------------------------------------------------------------------------
Tests run: 3, Failures: 1, Errors: 0, Skipped: 0, Time elapsed: 80.112 s <<< FAILURE! - in Login page feature
Login page title(Login page feature)  Time elapsed: 28.91 s  <<< FAILURE!
junit.framework.ComparisonFailure: expected:<[Login - My Store]> but was:<[]>

